TN:
SF:src/application/DictationController.ts
FN:37,(anonymous_0)
FN:47,(anonymous_1)
FN:59,(anonymous_2)
FN:62,(anonymous_3)
FN:71,(anonymous_4)
FN:163,(anonymous_5)
FN:169,(anonymous_6)
FN:193,(anonymous_7)
FN:222,(anonymous_8)
FN:232,(anonymous_9)
FN:232,(anonymous_10)
FNF:11
FNH:10
FNDA:14,(anonymous_0)
FNDA:4,(anonymous_1)
FNDA:2,(anonymous_2)
FNDA:1,(anonymous_3)
FNDA:9,(anonymous_4)
FNDA:7,(anonymous_5)
FNDA:0,(anonymous_6)
FNDA:8,(anonymous_7)
FNDA:5,(anonymous_8)
FNDA:7,(anonymous_9)
FNDA:7,(anonymous_10)
DA:37,1
DA:45,14
DA:47,14
DA:49,4
DA:50,1
DA:51,1
DA:54,3
DA:56,3
DA:58,3
DA:60,2
DA:63,1
DA:64,1
DA:65,1
DA:71,14
DA:73,9
DA:74,1
DA:77,8
DA:79,8
DA:81,8
DA:82,0
DA:83,0
DA:86,8
DA:87,8
DA:88,8
DA:90,8
DA:91,8
DA:94,8
DA:95,8
DA:98,9
DA:102,9
DA:105,9
DA:107,7
DA:109,7
DA:111,7
DA:112,1
DA:113,1
DA:114,1
DA:116,6
DA:118,6
DA:119,6
DA:121,6
DA:122,1
DA:124,1
DA:132,1
DA:135,5
DA:138,5
DA:139,2
DA:140,2
DA:141,2
DA:142,1
DA:143,1
DA:145,1
DA:152,1
DA:156,7
DA:158,7
DA:160,7
DA:162,7
DA:164,7
DA:166,7
DA:167,7
DA:170,0
DA:171,0
DA:172,0
DA:178,7
DA:187,7
DA:193,14
DA:201,8
DA:203,0
DA:215,8
DA:217,0
DA:218,0
DA:222,14
DA:224,14
DA:232,7
LF:74
LH:66
BRDA:44,0,0,14
BRDA:49,1,0,1
BRDA:49,1,1,3
BRDA:64,2,0,1
BRDA:64,2,1,0
BRDA:73,3,0,1
BRDA:73,3,1,8
BRDA:81,4,0,0
BRDA:81,4,1,8
BRDA:95,5,0,8
BRDA:95,5,1,0
BRDA:105,6,0,7
BRDA:105,6,1,1
BRDA:111,7,0,1
BRDA:111,7,1,6
BRDA:121,8,0,1
BRDA:121,8,1,5
BRDA:138,9,0,2
BRDA:138,9,1,3
BRDA:141,10,0,1
BRDA:141,10,1,1
BRDA:166,11,0,0
BRDA:166,11,1,7
BRDA:171,12,0,0
BRDA:171,12,1,0
BRDA:201,13,0,8
BRDA:201,13,1,0
BRDA:204,14,0,0
BRDA:204,14,1,0
BRDA:209,15,0,8
BRDA:209,15,1,0
BRDA:217,16,0,0
BRDA:217,16,1,0
BRF:33
BRH:21
end_of_record
TN:
SF:src/application/types.ts
FN:20,(anonymous_0)
FN:25,(anonymous_1)
FN:31,(anonymous_2)
FN:33,(anonymous_3)
FN:37,(anonymous_4)
FN:41,(anonymous_5)
FN:47,(anonymous_6)
FN:51,(anonymous_7)
FN:55,(anonymous_8)
FN:63,(anonymous_9)
FN:72,(anonymous_10)
FN:82,(anonymous_11)
FN:114,(anonymous_12)
FNF:13
FNH:13
FNDA:91,(anonymous_0)
FNDA:19,(anonymous_1)
FNDA:40,(anonymous_2)
FNDA:31,(anonymous_3)
FNDA:2,(anonymous_4)
FNDA:3,(anonymous_5)
FNDA:2,(anonymous_6)
FNDA:2,(anonymous_7)
FNDA:3,(anonymous_8)
FNDA:12,(anonymous_9)
FNDA:3,(anonymous_10)
FNDA:3,(anonymous_11)
FNDA:5,(anonymous_12)
DA:20,91
DA:25,19
DA:31,40
DA:33,2
DA:34,31
DA:37,2
DA:38,2
DA:41,2
DA:44,3
DA:47,2
DA:48,2
DA:51,2
DA:52,2
DA:55,2
DA:56,3
DA:57,1
DA:59,2
DA:63,2
DA:69,12
DA:72,2
DA:73,3
DA:74,3
DA:75,1
DA:77,2
DA:82,2
DA:85,3
DA:86,3
DA:87,5
DA:88,1
DA:90,4
DA:92,2
DA:114,2
DA:118,5
LF:33
LH:33
BRDA:38,0,0,1
BRDA:38,0,1,1
BRDA:44,1,0,2
BRDA:44,1,1,1
BRDA:48,2,0,1
BRDA:48,2,1,1
BRDA:52,3,0,1
BRDA:52,3,1,1
BRDA:56,4,0,1
BRDA:56,4,1,2
BRDA:59,5,0,1
BRDA:59,5,1,1
BRDA:69,6,0,10
BRDA:69,6,1,2
BRDA:77,7,0,1
BRDA:77,7,1,1
BRDA:87,8,0,1
BRDA:87,8,1,4
BRF:18
BRH:18
end_of_record
TN:
SF:src/domain/entities/AppConfig.ts
FN:117,(anonymous_0)
FN:134,(anonymous_1)
FNF:2
FNH:0
FNDA:0,(anonymous_0)
FNDA:0,(anonymous_1)
DA:63,0
DA:117,0
DA:119,0
DA:134,0
DA:135,0
DA:136,0
DA:138,0
DA:139,0
DA:141,0
DA:142,0
DA:144,0
DA:145,0
DA:147,0
DA:148,0
DA:151,0
LF:15
LH:0
BRDA:138,0,0,0
BRDA:138,0,1,0
BRDA:141,1,0,0
BRDA:141,1,1,0
BRDA:144,2,0,0
BRDA:144,2,1,0
BRDA:147,3,0,0
BRDA:147,3,1,0
BRF:8
BRH:0
end_of_record
TN:
SF:src/domain/entities/AudioRecording.ts
FN:31,(anonymous_0)
FN:38,(anonymous_1)
FN:51,(anonymous_2)
FN:62,(anonymous_3)
FNF:4
FNH:4
FNDA:15,(anonymous_0)
FNDA:15,(anonymous_1)
FNDA:8,(anonymous_2)
FNDA:8,(anonymous_3)
DA:23,1
DA:31,1
DA:32,15
DA:33,15
DA:34,15
DA:38,1
DA:42,15
DA:51,1
DA:52,8
DA:53,8
DA:54,8
DA:56,0
DA:57,0
DA:58,0
DA:62,1
DA:63,8
DA:64,8
LF:17
LH:14
BRDA:41,0,0,15
BRDA:53,1,0,8
BRDA:53,1,1,0
BRDA:64,2,0,8
BRDA:64,2,1,0
BRF:5
BRH:3
end_of_record
TN:
SF:src/domain/entities/CustomDictionary.ts
FN:46,(anonymous_0)
FN:61,(anonymous_1)
FN:85,(anonymous_2)
FN:103,(anonymous_3)
FN:115,(anonymous_4)
FN:121,(anonymous_5)
FNF:6
FNH:6
FNDA:4,(anonymous_0)
FNDA:10,(anonymous_1)
FNDA:12,(anonymous_2)
FNDA:8,(anonymous_3)
FNDA:8,(anonymous_4)
FNDA:3,(anonymous_5)
DA:31,1
DA:46,1
DA:47,4
DA:48,2
DA:53,2
DA:54,2
DA:61,1
DA:65,10
DA:66,2
DA:69,8
DA:71,8
DA:74,9
DA:75,9
DA:76,9
DA:79,8
DA:85,1
DA:86,12
DA:87,4
DA:90,8
DA:92,8
DA:93,8
DA:94,8
DA:95,8
DA:98,8
DA:99,6
DA:100,6
DA:101,6
DA:102,6
DA:103,8
DA:109,8
DA:110,6
DA:111,6
DA:112,6
DA:113,6
DA:116,8
DA:121,3
DA:125,8
LF:37
LH:37
BRDA:47,0,0,2
BRDA:47,0,1,2
BRDA:47,1,0,4
BRDA:47,1,1,3
BRDA:65,2,0,2
BRDA:65,2,1,8
BRDA:65,3,0,10
BRDA:65,3,1,9
BRDA:86,4,0,4
BRDA:86,4,1,8
BRDA:86,5,0,12
BRDA:86,5,1,10
BRDA:98,6,0,6
BRDA:98,6,1,2
BRDA:98,7,0,8
BRDA:98,7,1,6
BRDA:101,8,0,6
BRDA:101,8,1,0
BRDA:109,9,0,6
BRDA:109,9,1,2
BRDA:109,10,0,8
BRDA:109,10,1,6
BRDA:112,11,0,6
BRDA:112,11,1,0
BRDA:116,12,0,8
BRDA:116,12,1,7
BRDA:116,12,2,6
BRDA:116,12,3,4
BRDA:126,13,0,1
BRDA:126,13,1,7
BRF:30
BRH:28
end_of_record
TN:
SF:src/domain/entities/Transcription.ts
FN:20,(anonymous_0)
FN:27,(anonymous_1)
FN:46,(anonymous_2)
FN:50,(anonymous_3)
FN:56,(anonymous_4)
FNF:5
FNH:3
FNDA:10,(anonymous_0)
FNDA:10,(anonymous_1)
FNDA:6,(anonymous_2)
FNDA:0,(anonymous_3)
FNDA:0,(anonymous_4)
DA:20,1
DA:21,10
DA:22,10
DA:23,10
DA:27,1
DA:35,10
DA:46,1
DA:47,6
DA:50,1
DA:51,0
DA:52,0
DA:56,1
DA:57,0
DA:58,0
DA:59,0
LF:15
LH:10
BRDA:39,0,0,10
BRDA:39,0,1,10
BRDA:40,1,0,10
BRDA:40,1,1,0
BRDA:41,2,0,10
BRDA:41,2,1,10
BRDA:47,3,0,6
BRDA:47,3,1,6
BRDA:59,4,0,0
BRDA:59,4,1,0
BRF:10
BRH:7
end_of_record
TN:
SF:src/domain/entities/TranscriptionLog.ts
FN:57,(anonymous_0)
FN:71,(anonymous_1)
FN:92,(anonymous_2)
FN:104,(anonymous_3)
FNF:4
FNH:0
FNDA:0,(anonymous_0)
FNDA:0,(anonymous_1)
FNDA:0,(anonymous_2)
FNDA:0,(anonymous_3)
DA:57,0
DA:59,0
DA:71,0
DA:73,0
DA:92,0
DA:96,0
DA:97,0
DA:98,0
DA:104,0
DA:105,0
DA:106,0
DA:110,0
DA:114,0
DA:116,0
LF:14
LH:0
BRDA:86,0,0,0
BRDA:86,0,1,0
BRF:2
BRH:0
end_of_record
TN:
SF:src/domain/entities/index.ts
FNF:0
FNH:0
LF:0
LH:0
BRF:0
BRH:0
end_of_record
TN:
SF:src/domain/ports/IAudioRecorder.ts
FNF:0
FNH:0
LF:0
LH:0
BRF:0
BRH:0
end_of_record
TN:
SF:src/domain/ports/ITextInjector.ts
FNF:0
FNH:0
LF:0
LH:0
BRF:0
BRH:0
end_of_record
TN:
SF:src/domain/ports/ITextProcessor.ts
FNF:0
FNH:0
LF:0
LH:0
BRF:0
BRH:0
end_of_record
TN:
SF:src/domain/ports/ITranscriptionService.ts
FNF:0
FNH:0
LF:0
LH:0
BRF:0
BRH:0
end_of_record
TN:
SF:src/domain/ports/index.ts
FNF:0
FNH:0
LF:0
LH:0
BRF:0
BRH:0
end_of_record
TN:
SF:src/domain/usecases/PunctuationCommandProcessor.ts
FN:49,(anonymous_0)
FN:66,(anonymous_1)
FN:90,(anonymous_2)
FNF:3
FNH:3
FNDA:37,(anonymous_0)
FNDA:37,(anonymous_1)
FNDA:3,(anonymous_2)
DA:16,2
DA:49,2
DA:50,37
DA:52,37
DA:53,814
DA:57,37
DA:59,37
DA:66,2
DA:67,37
DA:70,37
DA:73,37
DA:76,37
DA:79,37
DA:82,37
DA:84,37
DA:90,3
LF:16
LH:16
BRF:0
BRH:0
end_of_record
TN:
SF:src/domain/usecases/index.ts
FNF:0
FNH:0
LF:0
LH:0
BRF:0
BRH:0
end_of_record
TN:
SF:src/infrastructure/audio/SoxAudioRecorder.ts
FN:40,(anonymous_0)
FN:51,(anonymous_1)
FN:59,(anonymous_2)
FN:66,(anonymous_3)
FN:72,(anonymous_4)
FN:108,(anonymous_5)
FN:133,(anonymous_6)
FN:151,(anonymous_7)
FN:153,(anonymous_8)
FN:199,(anonymous_9)
FN:201,(anonymous_10)
FN:219,(anonymous_11)
FNF:12
FNH:0
FNDA:0,(anonymous_0)
FNDA:0,(anonymous_1)
FNDA:0,(anonymous_2)
FNDA:0,(anonymous_3)
FNDA:0,(anonymous_4)
FNDA:0,(anonymous_5)
FNDA:0,(anonymous_6)
FNDA:0,(anonymous_7)
FNDA:0,(anonymous_8)
FNDA:0,(anonymous_9)
FNDA:0,(anonymous_10)
FNDA:0,(anonymous_11)
DA:24,0
DA:27,0
DA:28,0
DA:40,0
DA:44,0
DA:51,0
DA:52,0
DA:53,0
DA:54,0
DA:59,0
DA:60,0
DA:61,0
DA:62,0
DA:66,0
DA:67,0
DA:68,0
DA:72,0
DA:73,0
DA:74,0
DA:82,0
DA:83,0
DA:84,0
DA:92,0
DA:101,0
DA:105,0
DA:108,0
DA:109,0
DA:110,0
DA:111,0
DA:115,0
DA:117,0
DA:119,0
DA:120,0
DA:121,0
DA:123,0
DA:133,0
DA:134,0
DA:135,0
DA:143,0
DA:144,0
DA:146,0
DA:148,0
DA:151,0
DA:152,0
DA:153,0
DA:155,0
DA:157,0
DA:162,0
DA:165,0
DA:166,0
DA:167,0
DA:170,0
DA:171,0
DA:180,0
DA:182,0
DA:185,0
DA:186,0
DA:187,0
DA:189,0
DA:199,0
DA:201,0
DA:202,0
DA:203,0
DA:205,0
DA:208,0
DA:219,0
DA:220,0
DA:221,0
DA:222,0
DA:223,0
DA:225,0
LF:71
LH:0
BRDA:41,0,0,0
BRDA:53,1,0,0
BRDA:53,1,1,0
BRDA:67,2,0,0
BRDA:67,2,1,0
BRDA:73,3,0,0
BRDA:73,3,1,0
BRDA:126,4,0,0
BRDA:126,4,1,0
BRDA:127,5,0,0
BRDA:127,5,1,0
BRDA:134,6,0,0
BRDA:134,6,1,0
BRDA:134,7,0,0
BRDA:134,7,1,0
BRDA:134,7,2,0
BRDA:152,8,0,0
BRDA:152,8,1,0
BRDA:170,9,0,0
BRDA:170,9,1,0
BRDA:192,10,0,0
BRDA:192,10,1,0
BRDA:193,11,0,0
BRDA:193,11,1,0
BRDA:202,12,0,0
BRDA:202,12,1,0
BRDA:222,13,0,0
BRDA:222,13,1,0
BRF:28
BRH:0
end_of_record
TN:
SF:src/infrastructure/injection/AppleScriptTextInjector.ts
FN:23,(anonymous_0)
FN:35,(anonymous_1)
FN:69,(anonymous_2)
FN:70,(anonymous_3)
FN:116,(anonymous_4)
FN:130,(anonymous_5)
FNF:6
FNH:0
FNDA:0,(anonymous_0)
FNDA:0,(anonymous_1)
FNDA:0,(anonymous_2)
FNDA:0,(anonymous_3)
FNDA:0,(anonymous_4)
FNDA:0,(anonymous_5)
DA:17,0
DA:23,0
DA:24,0
DA:35,0
DA:36,0
DA:37,0
DA:38,0
DA:39,0
DA:41,0
DA:43,0
DA:46,0
DA:47,0
DA:55,0
DA:69,0
DA:70,0
DA:71,0
DA:72,0
DA:75,0
DA:81,0
DA:82,0
DA:84,0
DA:85,0
DA:93,0
DA:95,0
DA:97,0
DA:98,0
DA:106,0
DA:116,0
DA:117,0
DA:118,0
DA:121,0
DA:130,0
DA:131,0
DA:133,0
DA:134,0
DA:135,0
DA:137,0
LF:37
LH:0
BRDA:38,0,0,0
BRDA:38,0,1,0
BRDA:38,1,0,0
BRDA:38,1,1,0
BRDA:43,2,0,0
BRDA:43,2,1,0
BRDA:46,3,0,0
BRDA:46,3,1,0
BRDA:46,4,0,0
BRDA:46,4,1,0
BRDA:59,5,0,0
BRDA:59,5,1,0
BRDA:71,6,0,0
BRDA:71,6,1,0
BRDA:71,7,0,0
BRDA:71,7,1,0
BRDA:84,8,0,0
BRDA:84,8,1,0
BRDA:84,9,0,0
BRDA:84,9,1,0
BRDA:95,10,0,0
BRDA:95,10,1,0
BRDA:97,11,0,0
BRDA:97,11,1,0
BRDA:97,12,0,0
BRDA:97,12,1,0
BRDA:110,13,0,0
BRDA:110,13,1,0
BRF:28
BRH:0
end_of_record
TN:
SF:src/infrastructure/processing/OllamaTextProcessor.ts
FN:33,(anonymous_0)
FN:36,(anonymous_1)
FN:53,(anonymous_2)
FN:59,(anonymous_3)
FN:74,(anonymous_4)
FN:87,(anonymous_5)
FN:92,(anonymous_6)
FN:100,(anonymous_7)
FN:148,(anonymous_8)
FNF:9
FNH:0
FNDA:0,(anonymous_0)
FNDA:0,(anonymous_1)
FNDA:0,(anonymous_2)
FNDA:0,(anonymous_3)
FNDA:0,(anonymous_4)
FNDA:0,(anonymous_5)
FNDA:0,(anonymous_6)
FNDA:0,(anonymous_7)
FNDA:0,(anonymous_8)
DA:16,0
DA:33,0
DA:34,0
DA:35,0
DA:36,0
DA:38,0
DA:43,0
DA:44,0
DA:46,0
DA:53,0
DA:57,0
DA:58,0
DA:59,0
DA:61,0
DA:66,0
DA:68,0
DA:70,0
DA:71,0
DA:74,0
DA:75,0
DA:80,0
DA:87,0
DA:90,0
DA:92,0
DA:94,0
DA:95,0
DA:98,0
DA:99,0
DA:100,0
DA:102,0
DA:119,0
DA:121,0
DA:122,0
DA:126,0
DA:129,0
DA:130,0
DA:133,0
DA:134,0
DA:135,0
DA:138,0
DA:140,0
DA:144,0
DA:148,0
DA:149,0
DA:152,0
LF:45
LH:0
BRDA:68,0,0,0
BRDA:68,0,1,0
BRDA:71,1,0,0
BRDA:71,1,1,0
BRDA:75,2,0,0
BRDA:75,2,1,0
BRDA:75,2,2,0
BRDA:94,3,0,0
BRDA:94,3,1,0
BRDA:121,4,0,0
BRDA:121,4,1,0
BRDA:130,5,0,0
BRDA:130,5,1,0
BRDA:133,6,0,0
BRDA:133,6,1,0
BRDA:133,7,0,0
BRDA:133,7,1,0
BRDA:142,8,0,0
BRDA:142,8,1,0
BRF:19
BRH:0
end_of_record
TN:
SF:src/infrastructure/storage/HistoryService.ts
FN:83,(anonymous_0)
FN:90,(anonymous_1)
FN:97,(anonymous_2)
FN:103,(anonymous_3)
FN:108,(anonymous_4)
FN:109,(anonymous_5)
FN:113,(anonymous_6)
FN:114,(anonymous_7)
FN:118,(anonymous_8)
FN:143,(anonymous_9)
FN:161,(anonymous_10)
FN:175,(anonymous_11)
FN:181,(anonymous_12)
FN:196,(anonymous_13)
FN:222,(anonymous_14)
FN:227,(anonymous_15)
FN:246,(anonymous_16)
FNF:17
FNH:0
FNDA:0,(anonymous_0)
FNDA:0,(anonymous_1)
FNDA:0,(anonymous_2)
FNDA:0,(anonymous_3)
FNDA:0,(anonymous_4)
FNDA:0,(anonymous_5)
FNDA:0,(anonymous_6)
FNDA:0,(anonymous_7)
FNDA:0,(anonymous_8)
FNDA:0,(anonymous_9)
FNDA:0,(anonymous_10)
FNDA:0,(anonymous_11)
FNDA:0,(anonymous_12)
FNDA:0,(anonymous_13)
FNDA:0,(anonymous_14)
FNDA:0,(anonymous_15)
FNDA:0,(anonymous_16)
DA:77,0
DA:78,0
DA:83,0
DA:86,0
DA:87,0
DA:90,0
DA:91,0
DA:92,0
DA:97,0
DA:98,0
DA:99,0
DA:103,0
DA:104,0
DA:105,0
DA:107,0
DA:108,0
DA:109,0
DA:113,0
DA:114,0
DA:115,0
DA:118,0
DA:121,0
DA:122,0
DA:125,0
DA:126,0
DA:129,0
DA:130,0
DA:132,0
DA:134,0
DA:143,0
DA:146,0
DA:147,0
DA:149,0
DA:150,0
DA:152,0
DA:161,0
DA:162,0
DA:163,0
DA:164,0
DA:166,0
DA:175,0
DA:179,0
DA:180,0
DA:181,0
DA:182,0
DA:184,0
DA:185,0
DA:187,0
DA:196,0
DA:197,0
DA:198,0
DA:199,0
DA:202,0
DA:203,0
DA:204,0
DA:205,0
DA:207,0
DA:208,0
DA:209,0
DA:211,0
DA:212,0
DA:213,0
DA:219,0
DA:220,0
DA:221,0
DA:222,0
DA:224,0
DA:227,0
DA:232,0
DA:235,0
DA:237,0
DA:246,0
DA:247,0
DA:248,0
DA:249,0
DA:251,0
DA:252,0
DA:253,0
DA:254,0
DA:255,0
DA:256,0
DA:258,0
DA:260,0
DA:263,0
DA:266,0
DA:269,0
DA:270,0
DA:274,0
DA:275,0
DA:279,0
DA:283,0
DA:284,0
DA:285,0
DA:286,0
DA:287,0
DA:291,0
DA:303,0
DA:312,0
LF:98
LH:0
BRDA:91,0,0,0
BRDA:91,0,1,0
BRDA:104,1,0,0
BRDA:104,1,1,0
BRDA:114,2,0,0
BRDA:114,2,1,0
BRDA:137,3,0,0
BRDA:137,3,1,0
BRDA:150,4,0,0
BRDA:150,4,1,0
BRDA:155,5,0,0
BRDA:155,5,1,0
BRDA:169,6,0,0
BRDA:169,6,1,0
BRDA:182,7,0,0
BRDA:182,7,1,0
BRDA:190,8,0,0
BRDA:190,8,1,0
BRDA:202,9,0,0
BRDA:202,9,1,0
BRDA:205,10,0,0
BRDA:205,10,1,0
BRDA:211,11,0,0
BRDA:211,11,1,0
BRDA:219,12,0,0
BRDA:219,12,1,0
BRDA:240,13,0,0
BRDA:240,13,1,0
BRDA:260,14,0,0
BRDA:260,14,1,0
BRDA:263,15,0,0
BRDA:263,15,1,0
BRDA:269,16,0,0
BRDA:269,16,1,0
BRDA:274,17,0,0
BRDA:274,17,1,0
BRDA:283,18,0,0
BRDA:283,18,1,0
BRDA:285,19,0,0
BRDA:285,19,1,0
BRDA:286,20,0,0
BRDA:286,20,1,0
BRDA:296,21,0,0
BRDA:296,21,1,0
BRDA:306,22,0,0
BRDA:306,22,1,0
BRF:46
BRH:0
end_of_record
TN:
SF:src/infrastructure/transcription/GroqTranscriptionService.ts
FN:40,(anonymous_0)
FN:50,(anonymous_1)
FN:131,(anonymous_2)
FN:146,(anonymous_3)
FNF:4
FNH:0
FNDA:0,(anonymous_0)
FNDA:0,(anonymous_1)
FNDA:0,(anonymous_2)
FNDA:0,(anonymous_3)
DA:40,0
DA:43,0
DA:44,0
DA:45,0
DA:48,0
DA:50,0
DA:54,0
DA:55,0
DA:63,0
DA:65,0
DA:68,0
DA:78,0
DA:79,0
DA:80,0
DA:83,0
DA:86,0
DA:92,0
DA:94,0
DA:97,0
DA:98,0
DA:106,0
DA:107,0
DA:115,0
DA:125,0
DA:131,0
DA:132,0
DA:134,0
DA:136,0
DA:137,0
DA:140,0
DA:146,0
DA:147,0
DA:148,0
DA:152,0
DA:153,0
DA:156,0
LF:36
LH:0
BRDA:44,0,0,0
BRDA:44,0,1,0
BRDA:45,1,0,0
BRDA:45,1,1,0
BRDA:54,2,0,0
BRDA:54,2,1,0
BRDA:78,3,0,0
BRDA:78,3,1,0
BRDA:89,4,0,0
BRDA:89,4,1,0
BRDA:94,5,0,0
BRDA:94,5,1,0
BRDA:97,6,0,0
BRDA:97,6,1,0
BRDA:97,7,0,0
BRDA:97,7,1,0
BRDA:106,8,0,0
BRDA:106,8,1,0
BRDA:106,9,0,0
BRDA:106,9,1,0
BRDA:119,10,0,0
BRDA:119,10,1,0
BRDA:132,11,0,0
BRDA:132,11,1,0
BRDA:136,12,0,0
BRDA:136,12,1,0
BRDA:136,13,0,0
BRDA:136,13,1,0
BRDA:137,14,0,0
BRDA:137,14,1,0
BRDA:137,15,0,0
BRDA:137,15,1,0
BRDA:147,16,0,0
BRDA:147,16,1,0
BRDA:147,17,0,0
BRDA:147,17,1,0
BRDA:147,17,2,0
BRDA:152,18,0,0
BRDA:152,18,1,0
BRF:39
BRH:0
end_of_record
